[0.192s] Invoking command in '/home/dvij/ee206-project/ping-pong-robot/ppr_ws/build/ros2_aruco_interfaces': CMAKE_PREFIX_PATH=/home/dvij/ee206-project/ping-pong-robot/ros2_ws/install/camera_feed:/home/dvij/ee206-project/ping-pong-robot/ros2_ws/install/my_sync_package:/home/dvij/ee206-project/ping-pong-robot/ros2_ws/install/interface:/home/dvij/ee206-project/ping-pong-robot/ppr_ws/install/impedance_controller:/home/dvij/ee206-project/ping-pong-robot/ppr_ws/install/iiwa_moveit2:/home/dvij/ee206-project/ping-pong-robot/ppr_ws/install/iiwa_bringup:/home/dvij/ee206-project/ping-pong-robot/ppr_ws/install/iiwa_description:/home/dvij/ee206-project/ping-pong-robot/ppr_ws/install/external_torque_sensor_broadcaster:/home/dvij/ee206-project/ping-pong-robot/ppr_ws/install/scene_interpreter:/home/dvij/ee206-project/ping-pong-robot/ppr_ws/install/camera_feed:/opt/ros/foxy:/opt/ros/galactic:/opt/ros/noetic /usr/local/bin/cmake /home/dvij/ee206-project/ping-pong-robot/ppr_ws/ros2_aruco/ros2_aruco_interfaces -DAMENT_CMAKE_SYMLINK_INSTALL=1 -DCMAKE_INSTALL_PREFIX=/home/dvij/ee206-project/ping-pong-robot/ppr_ws/install/ros2_aruco_interfaces
[0.196s] -- Found ament_cmake: 1.1.6 (/opt/ros/galactic/share/ament_cmake/cmake)
[0.197s] [33mCMake Warning (dev) at /opt/ros/galactic/share/ament_cmake_core/cmake/core/python.cmake:22 (find_package):
[0.197s]   Policy CMP0148 is not set: The FindPythonInterp and FindPythonLibs modules
[0.197s]   are removed.  Run "cmake --help-policy CMP0148" for policy details.  Use
[0.197s]   the cmake_policy command to set the policy and suppress this warning.
[0.197s] 
[0.197s] Call Stack (most recent call first):
[0.197s]   /opt/ros/galactic/share/ament_cmake_core/cmake/core/all.cmake:53 (include)
[0.197s]   /opt/ros/galactic/share/ament_cmake_core/cmake/ament_cmake_core-extras.cmake:17 (include)
[0.197s]   /opt/ros/galactic/share/ament_cmake_core/cmake/ament_cmake_coreConfig.cmake:41 (include)
[0.197s]   /opt/ros/galactic/share/ament_cmake/cmake/ament_cmake_export_dependencies-extras.cmake:15 (find_package)
[0.197s]   /opt/ros/galactic/share/ament_cmake/cmake/ament_cmakeConfig.cmake:41 (include)
[0.198s]   CMakeLists.txt:19 (find_package)
[0.198s] This warning is for project developers.  Use -Wno-dev to suppress it.
[0.198s] [0m
[0.214s] -- Found PythonInterp: /home/dvij/anaconda3/bin/python3 (found suitable version "3.9.7", minimum required is "3")
[0.214s] -- Using PYTHON_EXECUTABLE: /home/dvij/anaconda3/bin/python3
[0.392s] -- Override CMake install command with custom implementation using symlinks instead of copying resources
[0.398s] -- Found geometry_msgs: 2.2.4 (/opt/ros/galactic/share/geometry_msgs/cmake)
[0.424s] -- Using all available rosidl_typesupport_c: rosidl_typesupport_fastrtps_c;rosidl_typesupport_introspection_c
[0.434s] -- Found rosidl_adapter: 2.2.3 (/opt/ros/galactic/share/rosidl_adapter/cmake)
[0.536s] -- Using all available rosidl_typesupport_cpp: rosidl_typesupport_fastrtps_cpp;rosidl_typesupport_introspection_cpp
[0.575s] -- Found rosidl_default_generators: 1.1.1 (/opt/ros/galactic/share/rosidl_default_generators/cmake)
[0.581s] [33mCMake Warning (dev) at /opt/ros/galactic/share/rosidl_adapter/cmake/rosidl_adapt_interfaces.cmake:40 (find_package):
[0.581s]   Policy CMP0148 is not set: The FindPythonInterp and FindPythonLibs modules
[0.581s]   are removed.  Run "cmake --help-policy CMP0148" for policy details.  Use
[0.581s]   the cmake_policy command to set the policy and suppress this warning.
[0.581s] 
[0.581s] Call Stack (most recent call first):
[0.581s]   /opt/ros/galactic/share/rosidl_cmake/cmake/rosidl_generate_interfaces.cmake:130 (rosidl_adapt_interfaces)
[0.581s]   CMakeLists.txt:28 (rosidl_generate_interfaces)
[0.581s] This warning is for project developers.  Use -Wno-dev to suppress it.
[0.581s] [0m
[0.599s] -- Found PythonInterp: /home/dvij/anaconda3/bin/python3 (found version "3.9.7")
[0.636s] [31mCMake Error at /opt/ros/galactic/share/rosidl_adapter/cmake/rosidl_adapt_interfaces.cmake:60 (message):
[0.636s]   execute_process(/home/dvij/anaconda3/bin/python3 -m rosidl_adapter
[0.636s]   --package-name ros2_aruco_interfaces --arguments-file
[0.636s]   /home/dvij/ee206-project/ping-pong-robot/ppr_ws/build/ros2_aruco_interfaces/rosidl_adapter__arguments__ros2_aruco_interfaces.json
[0.636s]   --output-dir
[0.636s]   /home/dvij/ee206-project/ping-pong-robot/ppr_ws/build/ros2_aruco_interfaces/rosidl_adapter/ros2_aruco_interfaces
[0.636s]   --output-file
[0.636s]   /home/dvij/ee206-project/ping-pong-robot/ppr_ws/build/ros2_aruco_interfaces/rosidl_adapter/ros2_aruco_interfaces.idls)
[0.636s]   returned error code 1:
[0.636s] 
[0.636s]   AttributeError processing template 'msg.idl.em'
[0.636s] 
[0.636s]   Traceback (most recent call last):
[0.636s] 
[0.636s]     File "/opt/ros/foxy/lib/python3.8/site-packages/rosidl_adapter/resource/__init__.py", line 51, in evaluate_template
[0.637s]       em.BUFFERED_OPT: True,
[0.637s] 
[0.637s]   AttributeError: module 'em' has no attribute 'BUFFERED_OPT'
[0.637s] 
[0.637s] 
[0.637s] 
[0.637s]   During handling of the above exception, another exception occurred:
[0.637s] 
[0.637s] 
[0.637s] 
[0.637s]   Traceback (most recent call last):
[0.637s] 
[0.637s]     File "/home/dvij/anaconda3/lib/python3.9/runpy.py", line 197, in _run_module_as_main
[0.637s]       return _run_code(code, main_globals, None,
[0.637s]     File "/home/dvij/anaconda3/lib/python3.9/runpy.py", line 87, in _run_code
[0.637s]       exec(code, run_globals)
[0.637s]     File "/opt/ros/foxy/lib/python3.8/site-packages/rosidl_adapter/__main__.py", line 19, in <module>
[0.638s]       sys.exit(main())
[0.638s]     File "/opt/ros/foxy/lib/python3.8/site-packages/rosidl_adapter/main.py", line 53, in main
[0.638s]       abs_idl_file = convert_to_idl(
[0.638s]     File "/opt/ros/foxy/lib/python3.8/site-packages/rosidl_adapter/__init__.py", line 19, in convert_to_idl
[0.638s]       return convert_msg_to_idl(
[0.638s]     File "/opt/ros/foxy/lib/python3.8/site-packages/rosidl_adapter/msg/__init__.py", line 39, in convert_msg_to_idl
[0.638s]       expand_template('msg.idl.em', data, output_file, encoding='iso-8859-1')
[0.638s]     File "/opt/ros/foxy/lib/python3.8/site-packages/rosidl_adapter/resource/__init__.py", line 23, in expand_template
[0.638s]       content = evaluate_template(template_name, data)
[0.638s]     File "/opt/ros/foxy/lib/python3.8/site-packages/rosidl_adapter/resource/__init__.py", line 69, in evaluate_template
[0.638s]       _interpreter.shutdown()
[0.638s] 
[0.638s]   AttributeError: 'NoneType' object has no attribute 'shutdown'
[0.638s] 
[0.638s] Call Stack (most recent call first):
[0.638s]   /opt/ros/galactic/share/rosidl_cmake/cmake/rosidl_generate_interfaces.cmake:130 (rosidl_adapt_interfaces)
[0.638s]   CMakeLists.txt:28 (rosidl_generate_interfaces)
[0.639s] 
[0.639s] [0m
[0.639s] -- Configuring incomplete, errors occurred!
